<?xml version="1.0" encoding="UTF-8"?>
<testsuite name="LibrarySuite" tests="1" skipped="0" failures="0" errors="0" timestamp="2016-06-01T09:01:15" hostname="HRPRDS" time="0.225">
  <properties/>
  <testcase name="someLibraryMethod is always true" classname="LibrarySuite" time="0.225"/>
  <system-out><![CDATA[]]></system-out>
  <system-err><![CDATA[]]></system-err>
</testsuite>
