<?xml version="1.0" encoding="UTF-8"?>
<testsuite name="LibrarySuite" tests="1" skipped="0" failures="0" errors="0" timestamp="2016-06-16T12:37:19" hostname="HRPRDS" time="0.093">
  <properties/>
  <testcase name="someLibraryMethod is always true" classname="LibrarySuite" time="0.093"/>
  <system-out><![CDATA[]]></system-out>
  <system-err><![CDATA[]]></system-err>
</testsuite>
